Performing C SOURCE FILE Test CMAKE_HAVE_LIBC_PTHREAD failed with the following output:
Change Dir: /home/dieisson/3R_Manipulator_OpenPose/build/CMakeFiles/CMakeTmp

Run Build Command(s):/usr/bin/make cmTC_f9d3a/fast && /usr/bin/make -f CMakeFiles/cmTC_f9d3a.dir/build.make CMakeFiles/cmTC_f9d3a.dir/build
make[1]: Entering directory '/home/dieisson/3R_Manipulator_OpenPose/build/CMakeFiles/CMakeTmp'
Building C object CMakeFiles/cmTC_f9d3a.dir/src.c.o
/usr/bin/cc   -DCMAKE_HAVE_LIBC_PTHREAD   -o CMakeFiles/cmTC_f9d3a.dir/src.c.o   -c /home/dieisson/3R_Manipulator_OpenPose/build/CMakeFiles/CMakeTmp/src.c
Linking C executable cmTC_f9d3a
/usr/local/bin/cmake -E cmake_link_script CMakeFiles/cmTC_f9d3a.dir/link.txt --verbose=1
/usr/bin/cc  -DCMAKE_HAVE_LIBC_PTHREAD    -rdynamic CMakeFiles/cmTC_f9d3a.dir/src.c.o  -o cmTC_f9d3a 
CMakeFiles/cmTC_f9d3a.dir/src.c.o: Na função "main":
src.c:(.text+0x3e): referência não definida para "pthread_create"
src.c:(.text+0x4a): referência não definida para "pthread_detach"
src.c:(.text+0x5b): referência não definida para "pthread_join"
src.c:(.text+0x6f): referência não definida para "pthread_atfork"
collect2: error: ld returned 1 exit status
CMakeFiles/cmTC_f9d3a.dir/build.make:86: recipe for target 'cmTC_f9d3a' failed
make[1]: *** [cmTC_f9d3a] Error 1
make[1]: Leaving directory '/home/dieisson/3R_Manipulator_OpenPose/build/CMakeFiles/CMakeTmp'
Makefile:121: recipe for target 'cmTC_f9d3a/fast' failed
make: *** [cmTC_f9d3a/fast] Error 2


Source file was:
#include <pthread.h>

void* test_func(void* data)
{
  return data;
}

int main(void)
{
  pthread_t thread;
  pthread_create(&thread, NULL, test_func, NULL);
  pthread_detach(thread);
  pthread_join(thread, NULL);
  pthread_atfork(NULL, NULL, NULL);
  pthread_exit(NULL);

  return 0;
}

Determining if the function pthread_create exists in the pthreads failed with the following output:
Change Dir: /home/dieisson/3R_Manipulator_OpenPose/build/CMakeFiles/CMakeTmp

Run Build Command(s):/usr/bin/make cmTC_433fa/fast && /usr/bin/make -f CMakeFiles/cmTC_433fa.dir/build.make CMakeFiles/cmTC_433fa.dir/build
make[1]: Entering directory '/home/dieisson/3R_Manipulator_OpenPose/build/CMakeFiles/CMakeTmp'
Building C object CMakeFiles/cmTC_433fa.dir/CheckFunctionExists.c.o
/usr/bin/cc   -DCHECK_FUNCTION_EXISTS=pthread_create   -o CMakeFiles/cmTC_433fa.dir/CheckFunctionExists.c.o   -c /usr/local/share/cmake-3.15/Modules/CheckFunctionExists.c
Linking C executable cmTC_433fa
/usr/local/bin/cmake -E cmake_link_script CMakeFiles/cmTC_433fa.dir/link.txt --verbose=1
/usr/bin/cc  -DCHECK_FUNCTION_EXISTS=pthread_create    -rdynamic CMakeFiles/cmTC_433fa.dir/CheckFunctionExists.c.o  -o cmTC_433fa -lpthreads 
/usr/bin/ld: não foi possível localizar -lpthreads
collect2: error: ld returned 1 exit status
CMakeFiles/cmTC_433fa.dir/build.make:86: recipe for target 'cmTC_433fa' failed
make[1]: *** [cmTC_433fa] Error 1
make[1]: Leaving directory '/home/dieisson/3R_Manipulator_OpenPose/build/CMakeFiles/CMakeTmp'
Makefile:121: recipe for target 'cmTC_433fa/fast' failed
make: *** [cmTC_433fa/fast] Error 2



